<?xml version="1.0" encoding="UTF-8"?>
<!-- Generated by org.testng.reporters.JUnitXMLReporter -->
<testsuite ignored="1" hostname="DESKTOP-7FVDITB" failures="0" tests="2" name="SubmitOrderTest" time="30.076" errors="0" timestamp="2024-01-25T09:55:32 CST">
  <testcase classname="KavyaSaiAcadamey.Tests.SubmitOrder" name="submitOrder" time="7.241"/>
  <testcase classname="KavyaSaiAcadamey.Tests.SubmitOrder" name="submitOrder" time="7.052"/>
  <testcase classname="KavyaSaiAcadamey.Tests.SubmitOrder" name="verifyOrder" time="0.0">
    <ignored/>
  </testcase> <!-- verifyOrder -->
</testsuite> <!-- SubmitOrderTest -->
