<?xml version="1.0" encoding="UTF-8"?>
<!-- Generated by org.testng.reporters.JUnitXMLReporter -->
<testsuite ignored="0" hostname="DESKTOP-7FVDITB" failures="0" tests="2" name="ErrorValidationsTest" time="31.675" errors="0" timestamp="2024-02-02T09:43:28 CST">
  <testcase classname="KavyaSaiAcadamey.Tests.ErrorValidationsTest" name="loginErrorValidation" time="0.654">
    <skipped/>
  </testcase> <!-- loginErrorValidation -->
  <testcase classname="KavyaSaiAcadamey.Tests.ErrorValidationsTest" name="loginErrorValidation" time="0.63"/>
</testsuite> <!-- ErrorValidationsTest -->
