<?xml version="1.0" encoding="UTF-8"?>
<!-- Generated by org.testng.reporters.JUnitXMLReporter -->
<testsuite ignored="2" hostname="DESKTOP-7FVDITB" failures="0" tests="0" time="0.018" errors="0" timestamp="2024-02-02T09:42:56 CST">
  <testcase classname="KavyaSaiAcadamey.Tests.SubmitOrder" name="verifyOrder" time="0.0">
    <ignored/>
  </testcase> <!-- verifyOrder -->
  <testcase classname="KavyaSaiAcadamey.Tests.SubmitOrder" name="submitOrder" time="0.0">
    <ignored/>
  </testcase> <!-- submitOrder -->
</testsuite>
