<?xml version="1.0" encoding="UTF-8"?>
<testng-results ignored="0" total="1" passed="1" failed="0" skipped="0">
  <reporter-output>
  </reporter-output>
  <suite started-at="2024-01-31T08:35:11 CST" name="Default suite" finished-at="2024-01-31T08:35:22 CST" duration-ms="11132">
    <groups>
      <group name="cucumber">
        <method signature="AbstractTestNGCucumberTests.runScenario(io.cucumber.testng.PickleWrapper,io.cucumber.testng.FeatureWrapper)[pri:0, instance:CucumberJava.TestNgRunner@1c5920df]" name="runScenario" class="io.cucumber.testng.AbstractTestNGCucumberTests"/>
      </group> <!-- cucumber -->
    </groups>
    <test started-at="2024-01-31T08:35:11 CST" name="Default test" finished-at="2024-01-31T08:35:22 CST" duration-ms="11132">
      <class name="CucumberJava.TestNgRunner">
        <test-method is-config="true" signature="setUpClass(org.testng.ITestContext)[pri:0, instance:CucumberJava.TestNgRunner@1c5920df]" started-at="2024-01-31T08:35:11 CST" name="setUpClass" finished-at="2024-01-31T08:35:11 CST" duration-ms="890" status="PASS">
          <params>
            <param index="0">
              <value>
                <![CDATA[org.testng.TestRunner@35a0e495]]>
              </value>
            </param>
          </params>
          <reporter-output>
          </reporter-output>
        </test-method> <!-- setUpClass -->
        <test-method signature="runScenario(io.cucumber.testng.PickleWrapper,io.cucumber.testng.FeatureWrapper)[pri:0, instance:CucumberJava.TestNgRunner@1c5920df]" started-at="2024-01-31T08:35:12 CST" name="runScenario" description="Runs Cucumber Scenarios" data-provider="scenarios" finished-at="2024-01-31T08:35:22 CST" duration-ms="10111" status="PASS">
          <params>
            <param index="0">
              <value>
                <![CDATA["Error Validation Negative Test"]]>
              </value>
            </param>
            <param index="1">
              <value>
                <![CDATA["Error Validation"]]>
              </value>
            </param>
          </params>
          <reporter-output>
          </reporter-output>
        </test-method> <!-- runScenario -->
        <test-method is-config="true" signature="tearDownClass()[pri:0, instance:CucumberJava.TestNgRunner@1c5920df]" started-at="2024-01-31T08:35:22 CST" name="tearDownClass" finished-at="2024-01-31T08:35:22 CST" duration-ms="44" status="PASS">
          <reporter-output>
          </reporter-output>
        </test-method> <!-- tearDownClass -->
      </class> <!-- CucumberJava.TestNgRunner -->
    </test> <!-- Default test -->
  </suite> <!-- Default suite -->
</testng-results>
